<persistence xmlns:xsi="http://www.w3.org/2001/XMLSchema-instance"
             version="2.0" xmlns="http://java.sun.com/xml/ns/persistence"
             xsi:schemaLocation="
        http://java.sun.com/xml/ns/persistence
        http://java.sun.com/xml/ns/persistence/persistence_2_0.xsd">
    <persistence-unit name="testPU" transaction-type="RESOURCE_LOCAL">
        <provider>org.hibernate.ejb.HibernatePersistence</provider>
        <class>net.chat.entity.UserEntity</class>
        <class>net.chat.entity.FriendEntity</class>
        <class>net.chat.entity.GroupEntity</class>
        <class>net.chat.entity.UserGroupEntity</class>
        <class>net.chat.logging.LogEntity</class>
        <properties>
            <property name="hibernate.hbm2ddl.auto" value="create-drop"/>
            <property name="hibernate.show_sql" value="false"/>
        </properties>
    </persistence-unit>
</persistence>